0 info it worked if it ends with ok
1 verbose cli [ '/usr/bin/node', '/usr/bin/npm', 'install', '-g', 'grunt-cli' ]
2 info using npm@1.4.28
3 info using node@v0.10.33
4 verbose node symlink /usr/bin/node
5 verbose cache add [ 'grunt-cli', null ]
6 verbose cache add name=undefined spec="grunt-cli" args=["grunt-cli",null]
7 verbose parsed url { protocol: null,
7 verbose parsed url   slashes: null,
7 verbose parsed url   auth: null,
7 verbose parsed url   host: null,
7 verbose parsed url   port: null,
7 verbose parsed url   hostname: null,
7 verbose parsed url   hash: null,
7 verbose parsed url   search: null,
7 verbose parsed url   query: null,
7 verbose parsed url   pathname: 'grunt-cli',
7 verbose parsed url   path: 'grunt-cli',
7 verbose parsed url   href: 'grunt-cli' }
8 silly lockFile 671ef8ac-grunt-cli grunt-cli
9 verbose lock grunt-cli /home/hj/.npm/671ef8ac-grunt-cli.lock
10 silly lockFile 671ef8ac-grunt-cli grunt-cli
11 silly lockFile 671ef8ac-grunt-cli grunt-cli
12 verbose addNamed [ 'grunt-cli', '' ]
13 verbose addNamed [ null, '*' ]
14 silly lockFile d63f3d0b-grunt-cli grunt-cli@
15 verbose lock grunt-cli@ /home/hj/.npm/d63f3d0b-grunt-cli.lock
16 silly addNameRange { name: 'grunt-cli', range: '*', hasData: false }
17 verbose request where is /grunt-cli
18 verbose request registry https://registry.npmjs.org/
19 verbose request id 5ea8fd8ff4432beb
20 verbose url raw /grunt-cli
21 verbose url resolving [ 'https://registry.npmjs.org/', './grunt-cli' ]
22 verbose url resolved https://registry.npmjs.org/grunt-cli
23 verbose request where is https://registry.npmjs.org/grunt-cli
24 info trying registry request attempt 1 at 10:50:55
25 http GET https://registry.npmjs.org/grunt-cli
26 http 200 https://registry.npmjs.org/grunt-cli
27 silly registry.get cb [ 200,
27 silly registry.get   { date: 'Thu, 18 Dec 2014 02:53:10 GMT',
27 silly registry.get     server: 'CouchDB/1.5.0 (Erlang OTP/R16B03)',
27 silly registry.get     etag: '"E7SP4GPHFFTR8X1CE210GOZYC"',
27 silly registry.get     'content-type': 'application/json',
27 silly registry.get     'cache-control': 'max-age=60',
27 silly registry.get     'content-length': '20129',
27 silly registry.get     'accept-ranges': 'bytes',
27 silly registry.get     via: '1.1 varnish',
27 silly registry.get     age: '55',
27 silly registry.get     'x-served-by': 'cache-ty66-TYO',
27 silly registry.get     'x-cache': 'HIT',
27 silly registry.get     'x-cache-hits': '3',
27 silly registry.get     'x-timer': 'S1418871190.161814,VS0,VE0',
27 silly registry.get     vary: 'Accept',
27 silly registry.get     'keep-alive': 'timeout=10, max=50',
27 silly registry.get     connection: 'Keep-Alive' } ]
28 silly addNameRange number 2 { name: 'grunt-cli', range: '*', hasData: true }
29 silly addNameRange versions [ 'grunt-cli',
29 silly addNameRange   [ '0.1.0',
29 silly addNameRange     '0.1.1',
29 silly addNameRange     '0.1.2',
29 silly addNameRange     '0.1.3',
29 silly addNameRange     '0.1.4',
29 silly addNameRange     '0.1.5',
29 silly addNameRange     '0.1.6',
29 silly addNameRange     '0.1.7',
29 silly addNameRange     '0.1.8',
29 silly addNameRange     '0.1.9',
29 silly addNameRange     '0.1.10',
29 silly addNameRange     '0.1.11',
29 silly addNameRange     '0.1.12',
29 silly addNameRange     '0.1.13' ] ]
30 verbose addNamed [ 'grunt-cli', '0.1.13' ]
31 verbose addNamed [ '0.1.13', '0.1.13' ]
32 silly lockFile 28997503-grunt-cli-0-1-13 grunt-cli@0.1.13
33 verbose lock grunt-cli@0.1.13 /home/hj/.npm/28997503-grunt-cli-0-1-13.lock
34 silly lockFile ab76c46e-g-grunt-cli-grunt-cli-0-1-13-tgz https://registry.npmjs.org/grunt-cli/-/grunt-cli-0.1.13.tgz
35 verbose lock https://registry.npmjs.org/grunt-cli/-/grunt-cli-0.1.13.tgz /home/hj/.npm/ab76c46e-g-grunt-cli-grunt-cli-0-1-13-tgz.lock
36 verbose addRemoteTarball [ 'https://registry.npmjs.org/grunt-cli/-/grunt-cli-0.1.13.tgz',
36 verbose addRemoteTarball   'e9ebc4047631f5012d922770c39378133cad10f4' ]
37 info retry fetch attempt 1 at 10:51:00
38 verbose fetch to= /tmp/npm-3329-XujlsUAx/registry.npmjs.org/grunt-cli/-/grunt-cli-0.1.13.tgz
39 http GET https://registry.npmjs.org/grunt-cli/-/grunt-cli-0.1.13.tgz
40 error fetch failed https://registry.npmjs.org/grunt-cli/-/grunt-cli-0.1.13.tgz
41 info retry will retry, error on last attempt: Error: getaddrinfo ENOTFOUND
42 info retry fetch attempt 2 at 10:51:12
43 verbose fetch to= /tmp/npm-3329-XujlsUAx/registry.npmjs.org/grunt-cli/-/grunt-cli-0.1.13.tgz
44 http GET https://registry.npmjs.org/grunt-cli/-/grunt-cli-0.1.13.tgz
45 error fetch failed https://registry.npmjs.org/grunt-cli/-/grunt-cli-0.1.13.tgz
46 info retry will retry, error on last attempt: Error: getaddrinfo ENOTFOUND
47 info retry fetch attempt 3 at 10:52:14
48 verbose fetch to= /tmp/npm-3329-XujlsUAx/registry.npmjs.org/grunt-cli/-/grunt-cli-0.1.13.tgz
49 http GET https://registry.npmjs.org/grunt-cli/-/grunt-cli-0.1.13.tgz
50 error fetch failed https://registry.npmjs.org/grunt-cli/-/grunt-cli-0.1.13.tgz
51 silly lockFile ab76c46e-g-grunt-cli-grunt-cli-0-1-13-tgz https://registry.npmjs.org/grunt-cli/-/grunt-cli-0.1.13.tgz
52 silly lockFile ab76c46e-g-grunt-cli-grunt-cli-0-1-13-tgz https://registry.npmjs.org/grunt-cli/-/grunt-cli-0.1.13.tgz
53 silly lockFile 28997503-grunt-cli-0-1-13 grunt-cli@0.1.13
54 silly lockFile 28997503-grunt-cli-0-1-13 grunt-cli@0.1.13
55 silly lockFile d63f3d0b-grunt-cli grunt-cli@
56 silly lockFile d63f3d0b-grunt-cli grunt-cli@
57 error network getaddrinfo ENOTFOUND
57 error network This is most likely not a problem with npm itself
57 error network and is related to network connectivity.
57 error network In most cases you are behind a proxy or have bad network settings.
57 error network
57 error network If you are behind a proxy, please make sure that the
57 error network 'proxy' config is set properly.  See: 'npm help config'
58 error System Linux 3.13.0-40-generic
59 error command "/usr/bin/node" "/usr/bin/npm" "install" "-g" "grunt-cli"
60 error cwd /home/hj/code/learn
61 error node -v v0.10.33
62 error npm -v 1.4.28
63 error syscall getaddrinfo
64 error code ENOTFOUND
65 error errno ENOTFOUND
66 verbose exit [ 1, true ]
